\BOOKMARK [0][-]{chapter.1}{\376\377\000C\000l\000a\000s\000s\000\040\000I\000n\000d\000e\000x}{}
\BOOKMARK [1][-]{section.1.1}{\376\377\000C\000l\000a\000s\000s\000\040\000L\000i\000s\000t}{chapter.1}
\BOOKMARK [0][-]{chapter.2}{\376\377\000C\000l\000a\000s\000s\000\040\000D\000o\000c\000u\000m\000e\000n\000t\000a\000t\000i\000o\000n}{}
\BOOKMARK [1][-]{section.2.1}{\376\377\000C\0004\000U\000B\000V\0003\000F\000\040\000S\000t\000r\000u\000c\000t\000\040\000R\000e\000f\000e\000r\000e\000n\000c\000e}{chapter.2}
\BOOKMARK [1][-]{section.2.2}{\376\377\000D\000I\000C\000O\000M\000I\000m\000a\000g\000e\000F\000i\000l\000e\000\040\000C\000l\000a\000s\000s\000\040\000R\000e\000f\000e\000r\000e\000n\000c\000e}{chapter.2}
\BOOKMARK [2][-]{subsection.2.2.1}{\376\377\000D\000e\000t\000a\000i\000l\000e\000d\000\040\000D\000e\000s\000c\000r\000i\000p\000t\000i\000o\000n}{section.2.2}
\BOOKMARK [2][-]{subsection.2.2.2}{\376\377\000C\000o\000n\000s\000t\000r\000u\000c\000t\000o\000r\000\040\000\046\000\040\000D\000e\000s\000t\000r\000u\000c\000t\000o\000r\000\040\000D\000o\000c\000u\000m\000e\000n\000t\000a\000t\000i\000o\000n}{section.2.2}
\BOOKMARK [3][-]{subsubsection.2.2.2.1}{\376\377\000D\000I\000C\000O\000M\000I\000m\000a\000g\000e\000F\000i\000l\000e}{subsection.2.2.2}
\BOOKMARK [3][-]{subsubsection.2.2.2.2}{\376\377\000D\000I\000C\000O\000M\000I\000m\000a\000g\000e\000F\000i\000l\000e}{subsection.2.2.2}
\BOOKMARK [2][-]{subsection.2.2.3}{\376\377\000M\000e\000m\000b\000e\000r\000\040\000F\000u\000n\000c\000t\000i\000o\000n\000\040\000D\000o\000c\000u\000m\000e\000n\000t\000a\000t\000i\000o\000n}{section.2.2}
\BOOKMARK [3][-]{subsubsection.2.2.3.1}{\376\377\000g\000e\000t\000F\000a\000s\000t\000I\000m\000a\000g\000e}{subsection.2.2.3}
\BOOKMARK [3][-]{subsubsection.2.2.3.2}{\376\377\000g\000e\000t\000F\000r\000a\000m\000e\000C\000o\000u\000n\000t}{subsection.2.2.3}
\BOOKMARK [3][-]{subsubsection.2.2.3.3}{\376\377\000g\000e\000t\000H\000e\000i\000g\000h\000t}{subsection.2.2.3}
\BOOKMARK [3][-]{subsubsection.2.2.3.4}{\376\377\000g\000e\000t\000W\000i\000d\000t\000h}{subsection.2.2.3}
\BOOKMARK [1][-]{section.2.3}{\376\377\000F\000a\000s\000t\000I\000m\000a\000g\000e\000\040\000C\000l\000a\000s\000s\000\040\000R\000e\000f\000e\000r\000e\000n\000c\000e}{chapter.2}
\BOOKMARK [2][-]{subsection.2.3.1}{\376\377\000D\000e\000t\000a\000i\000l\000e\000d\000\040\000D\000e\000s\000c\000r\000i\000p\000t\000i\000o\000n}{section.2.3}
\BOOKMARK [2][-]{subsection.2.3.2}{\376\377\000C\000o\000n\000s\000t\000r\000u\000c\000t\000o\000r\000\040\000\046\000\040\000D\000e\000s\000t\000r\000u\000c\000t\000o\000r\000\040\000D\000o\000c\000u\000m\000e\000n\000t\000a\000t\000i\000o\000n}{section.2.3}
\BOOKMARK [3][-]{subsubsection.2.3.2.1}{\376\377\000F\000a\000s\000t\000I\000m\000a\000g\000e}{subsection.2.3.2}
\BOOKMARK [3][-]{subsubsection.2.3.2.2}{\376\377\000F\000a\000s\000t\000I\000m\000a\000g\000e}{subsection.2.3.2}
\BOOKMARK [3][-]{subsubsection.2.3.2.3}{\376\377\000F\000a\000s\000t\000I\000m\000a\000g\000e}{subsection.2.3.2}
\BOOKMARK [2][-]{subsection.2.3.3}{\376\377\000M\000e\000m\000b\000e\000r\000\040\000F\000u\000n\000c\000t\000i\000o\000n\000\040\000D\000o\000c\000u\000m\000e\000n\000t\000a\000t\000i\000o\000n}{section.2.3}
\BOOKMARK [3][-]{subsubsection.2.3.3.1}{\376\377\000g\000e\000t\000G\000r\000a\000y}{subsection.2.3.3}
\BOOKMARK [3][-]{subsubsection.2.3.3.2}{\376\377\000g\000e\000t\000G\000r\000a\000y\0003\0002\000b\000i\000t}{subsection.2.3.3}
\BOOKMARK [3][-]{subsubsection.2.3.3.3}{\376\377\000g\000e\000t\000H\000e\000i\000g\000h\000t}{subsection.2.3.3}
\BOOKMARK [3][-]{subsubsection.2.3.3.4}{\376\377\000g\000e\000t\000R\000g\000b\000a}{subsection.2.3.3}
\BOOKMARK [3][-]{subsubsection.2.3.3.5}{\376\377\000g\000e\000t\000W\000i\000d\000t\000h}{subsection.2.3.3}
\BOOKMARK [3][-]{subsubsection.2.3.3.6}{\376\377\000s\000e\000t\000G\000r\000a\000y\000P\000i\000x\000e\000l}{subsection.2.3.3}
\BOOKMARK [3][-]{subsubsection.2.3.3.7}{\376\377\000s\000e\000t\000G\000r\000a\000y\000P\000i\000x\000e\000l}{subsection.2.3.3}
\BOOKMARK [3][-]{subsubsection.2.3.3.8}{\376\377\000s\000e\000t\000P\000i\000x\000e\000l}{subsection.2.3.3}
\BOOKMARK [3][-]{subsubsection.2.3.3.9}{\376\377\000s\000p\000r\000e\000a\000d\000C\000o\000n\000t\000r\000a\000s\000t}{subsection.2.3.3}
\BOOKMARK [1][-]{section.2.4}{\376\377\000G\000L\000W\000i\000d\000g\000e\000t\000\040\000C\000l\000a\000s\000s\000\040\000R\000e\000f\000e\000r\000e\000n\000c\000e}{chapter.2}
\BOOKMARK [2][-]{subsection.2.4.1}{\376\377\000D\000e\000t\000a\000i\000l\000e\000d\000\040\000D\000e\000s\000c\000r\000i\000p\000t\000i\000o\000n}{section.2.4}
\BOOKMARK [2][-]{subsection.2.4.2}{\376\377\000M\000e\000m\000b\000e\000r\000\040\000F\000u\000n\000c\000t\000i\000o\000n\000\040\000D\000o\000c\000u\000m\000e\000n\000t\000a\000t\000i\000o\000n}{section.2.4}
\BOOKMARK [3][-]{subsubsection.2.4.2.1}{\376\377\000k\000e\000y\000P\000r\000e\000s\000s\000E\000v\000e\000n\000t}{subsection.2.4.2}
\BOOKMARK [3][-]{subsubsection.2.4.2.2}{\376\377\000m\000o\000u\000s\000e\000M\000o\000v\000e\000E\000v\000e\000n\000t}{subsection.2.4.2}
\BOOKMARK [3][-]{subsubsection.2.4.2.3}{\376\377\000m\000o\000u\000s\000e\000P\000r\000e\000s\000s\000E\000v\000e\000n\000t}{subsection.2.4.2}
\BOOKMARK [3][-]{subsubsection.2.4.2.4}{\376\377\000r\000e\000s\000e\000t\000V\000i\000e\000w}{subsection.2.4.2}
\BOOKMARK [3][-]{subsubsection.2.4.2.5}{\376\377\000s\000e\000t\000Z\000E\000x\000t\000e\000n\000t}{subsection.2.4.2}
\BOOKMARK [3][-]{subsubsection.2.4.2.6}{\376\377\000u\000p\000d\000a\000t\000e\000I\000m\000a\000g\000e\000s}{subsection.2.4.2}
\BOOKMARK [3][-]{subsubsection.2.4.2.7}{\376\377\000w\000h\000e\000e\000l\000E\000v\000e\000n\000t}{subsection.2.4.2}
\BOOKMARK [1][-]{section.2.5}{\376\377\000M\000e\000d\000i\000D\000i\000a\000l\000o\000g\000\040\000C\000l\000a\000s\000s\000\040\000R\000e\000f\000e\000r\000e\000n\000c\000e}{chapter.2}
